[debug] [2024-12-18T18:03:17.702Z] ----------------------------------------------------------------------
[debug] [2024-12-18T18:03:17.704Z] Command:       C:\Program Files\nodejs\node.exe C:\Users\John\AppData\Roaming\npm\node_modules\firebase-tools\lib\bin\firebase.js emulators:start --only functions
[debug] [2024-12-18T18:03:17.705Z] CLI Version:   13.29.1
[debug] [2024-12-18T18:03:17.705Z] Platform:      win32
[debug] [2024-12-18T18:03:17.705Z] Node Version:  v18.17.0
[debug] [2024-12-18T18:03:17.706Z] Time:          Wed Dec 18 2024 13:03:17 GMT-0500 (Eastern Standard Time)
[debug] [2024-12-18T18:03:17.706Z] ----------------------------------------------------------------------
[debug] 
[debug] [2024-12-18T18:03:17.821Z] > command requires scopes: ["email","openid","https://www.googleapis.com/auth/cloudplatformprojects.readonly","https://www.googleapis.com/auth/firebase","https://www.googleapis.com/auth/cloud-platform"]
[debug] [2024-12-18T18:03:17.821Z] > authorizing via signed-in user (shidemantlejo@gmail.com)
[info] i  emulators: Starting emulators: functions {"metadata":{"emulator":{"name":"hub"},"message":"Starting emulators: functions"}}
[debug] [2024-12-18T18:03:17.832Z] [logging] Logging Emulator only supports listening on one address (127.0.0.1). Not listening on ::1
[debug] [2024-12-18T18:03:17.832Z] assigned listening specs for emulators {"user":{"hub":[{"address":"127.0.0.1","family":"IPv4","port":4400},{"address":"::1","family":"IPv6","port":4400}],"ui":[{"address":"127.0.0.1","family":"IPv4","port":4000},{"address":"::1","family":"IPv6","port":4000}],"logging":[{"address":"127.0.0.1","family":"IPv4","port":4500}]},"metadata":{"message":"assigned listening specs for emulators"}}
[debug] [2024-12-18T18:03:17.838Z] [hub] writing locator at C:\cygwin64\tmp\hub-cccweb-fdaef.json
[debug] [2024-12-18T18:03:17.851Z] [functions] Functions Emulator only supports listening on one address (127.0.0.1). Not listening on ::1
[debug] [2024-12-18T18:03:17.851Z] [eventarc] Eventarc Emulator only supports listening on one address (127.0.0.1). Not listening on ::1
[debug] [2024-12-18T18:03:17.852Z] [tasks] Cloud Tasks Emulator only supports listening on one address (127.0.0.1). Not listening on ::1
[debug] [2024-12-18T18:03:17.852Z] late-assigned ports for functions and eventarc emulators {"user":{"hub":[{"address":"127.0.0.1","family":"IPv4","port":4400},{"address":"::1","family":"IPv6","port":4400}],"ui":[{"address":"127.0.0.1","family":"IPv4","port":4000},{"address":"::1","family":"IPv6","port":4000}],"logging":[{"address":"127.0.0.1","family":"IPv4","port":4500}],"functions":[{"address":"127.0.0.1","family":"IPv4","port":5001}],"eventarc":[{"address":"127.0.0.1","family":"IPv4","port":9299}],"tasks":[{"address":"127.0.0.1","family":"IPv4","port":9499}]},"metadata":{"message":"late-assigned ports for functions and eventarc emulators"}}
[warn] !  functions: The following emulators are not running, calls to these services from the Functions emulator will affect production: apphosting, auth, firestore, database, hosting, pubsub, storage, dataconnect {"metadata":{"emulator":{"name":"functions"},"message":"The following emulators are not running, calls to these services from the Functions emulator will affect production: \u001b[1mapphosting, auth, firestore, database, hosting, pubsub, storage, dataconnect\u001b[22m"}}
[debug] [2024-12-18T18:03:17.856Z] defaultcredentials: writing to file C:\Users\John\AppData\Roaming\firebase\shidemantlejo_gmail_com_application_default_credentials.json
[debug] [2024-12-18T18:03:17.862Z] Setting GAC to C:\Users\John\AppData\Roaming\firebase\shidemantlejo_gmail_com_application_default_credentials.json {"metadata":{"emulator":{"name":"functions"},"message":"Setting GAC to C:\\Users\\John\\AppData\\Roaming\\firebase\\shidemantlejo_gmail_com_application_default_credentials.json"}}
[debug] [2024-12-18T18:03:17.863Z] Checked if tokens are valid: true, expires at: 1734548354887
[debug] [2024-12-18T18:03:17.864Z] Checked if tokens are valid: true, expires at: 1734548354887
[debug] [2024-12-18T18:03:17.865Z] >>> [apiv2][query] GET https://firebase.googleapis.com/v1beta1/projects/cccweb-fdaef/adminSdkConfig [none]
[debug] [2024-12-18T18:03:18.264Z] <<< [apiv2][status] GET https://firebase.googleapis.com/v1beta1/projects/cccweb-fdaef/adminSdkConfig 200
[debug] [2024-12-18T18:03:18.264Z] <<< [apiv2][body] GET https://firebase.googleapis.com/v1beta1/projects/cccweb-fdaef/adminSdkConfig {"projectId":"cccweb-fdaef","databaseURL":"https://cccweb-fdaef-default-rtdb.firebaseio.com","storageBucket":"cccweb-fdaef.firebasestorage.app"}
[info] i  functions: Watching "C:\Users\John\Documents\GitHub\cccweb\functions" for Cloud Functions... {"metadata":{"emulator":{"name":"functions"},"message":"Watching \"C:\\Users\\John\\Documents\\GitHub\\cccweb\\functions\" for Cloud Functions..."}}
[debug] [2024-12-18T18:03:18.309Z] Validating nodejs source
[debug] [2024-12-18T18:03:19.894Z] > [functions] package.json contents: {
  "name": "functions",
  "description": "Cloud Functions for Firebase",
  "scripts": {
    "lint": "eslint .",
    "serve": "firebase emulators:start --only functions",
    "shell": "firebase functions:shell",
    "start": "npm run shell",
    "deploy": "firebase deploy --only functions",
    "logs": "firebase functions:log"
  },
  "engines": {
    "node": "22"
  },
  "main": "index.js",
  "dependencies": {
    "firebase-admin": "^12.6.0",
    "firebase-functions": "^6.0.1"
  },
  "devDependencies": {
    "eslint": "^8.15.0",
    "eslint-config-google": "^0.14.0",
    "firebase-functions-test": "^3.1.0"
  },
  "private": true
}
[debug] [2024-12-18T18:03:19.895Z] Building nodejs source
[debug] [2024-12-18T18:03:19.895Z] Failed to find version of module node: reached end of search path C:\Users\John\Documents\GitHub\cccweb\functions\node_modules
[warn] !  functions: Your requested "node" version "22" doesn't match your global version "18". Using node@18 from host. 
[info] i  functions: Loaded environment variables from .env. 
[debug] [2024-12-18T18:03:19.899Z] Could not find functions.yaml. Must use http discovery
[debug] [2024-12-18T18:03:19.911Z] Found firebase-functions binary at 'C:\Users\John\Documents\GitHub\cccweb\functions\node_modules\.bin\firebase-functions'
[info] Serving at port 8102

[debug] [2024-12-18T18:03:20.591Z] Got response from /__/functions.yaml {"endpoints":{},"specVersion":"v1alpha1","requiredAPIs":[],"extensions":{}}
[info] +  functions: Loaded functions definitions from source: . {"metadata":{"emulator":{"name":"functions"},"message":"Loaded functions definitions from source: ."}}
[debug] [2024-12-18T18:03:30.652Z] Could not find VSCode notification endpoint: FetchError: request to http://localhost:40001/vscode/notify failed, reason: connect ECONNREFUSED ::1:40001. If you are not running the Firebase Data Connect VSCode extension, this is expected and not an issue.
[info] 
┌─────────────────────────────────────────────────────────────┐
│ ✔  All emulators ready! It is now safe to connect your app. │
│ i  View Emulator UI at http://127.0.0.1:4000/               │
└─────────────────────────────────────────────────────────────┘

┌───────────┬────────────────┬─────────────────────────────────┐
│ Emulator  │ Host:Port      │ View in Emulator UI             │
├───────────┼────────────────┼─────────────────────────────────┤
│ Functions │ 127.0.0.1:5001 │ http://127.0.0.1:4000/functions │
└───────────┴────────────────┴─────────────────────────────────┘
  Emulator Hub running at 127.0.0.1:4400
  Other reserved ports: 4500

Issues? Report them at https://github.com/firebase/firebase-tools/issues and attach the *-debug.log files.
 
[debug] [2024-12-18T18:04:07.309Z] File C:\Users\John\Documents\GitHub\cccweb\functions\index.js changed, reloading triggers {"metadata":{"emulator":{"name":"functions"},"message":"File C:\\Users\\John\\Documents\\GitHub\\cccweb\\functions\\index.js changed, reloading triggers"}}
[debug] [2024-12-18T18:04:08.314Z] Validating nodejs source
[debug] [2024-12-18T18:04:09.838Z] > [functions] package.json contents: {
  "name": "functions",
  "description": "Cloud Functions for Firebase",
  "scripts": {
    "lint": "eslint .",
    "serve": "firebase emulators:start --only functions",
    "shell": "firebase functions:shell",
    "start": "npm run shell",
    "deploy": "firebase deploy --only functions",
    "logs": "firebase functions:log"
  },
  "engines": {
    "node": "22"
  },
  "main": "index.js",
  "dependencies": {
    "firebase-admin": "^12.6.0",
    "firebase-functions": "^6.0.1"
  },
  "devDependencies": {
    "eslint": "^8.15.0",
    "eslint-config-google": "^0.14.0",
    "firebase-functions-test": "^3.1.0"
  },
  "private": true
}
[debug] [2024-12-18T18:04:09.838Z] Building nodejs source
[debug] [2024-12-18T18:04:09.838Z] Failed to find version of module node: reached end of search path C:\Users\John\Documents\GitHub\cccweb\functions\node_modules
[warn] !  functions: Your requested "node" version "22" doesn't match your global version "18". Using node@18 from host. 
[info] i  functions: Loaded environment variables from .env. 
[debug] [2024-12-18T18:04:09.840Z] Could not find functions.yaml. Must use http discovery
[debug] [2024-12-18T18:04:09.848Z] Found firebase-functions binary at 'C:\Users\John\Documents\GitHub\cccweb\functions\node_modules\.bin\firebase-functions'
[info] Serving at port 8777

[debug] [2024-12-18T18:04:10.524Z] Got response from /__/functions.yaml {"endpoints":{},"specVersion":"v1alpha1","requiredAPIs":[],"extensions":{}}
[info] +  functions: Loaded functions definitions from source: . {"metadata":{"emulator":{"name":"functions"},"message":"Loaded functions definitions from source: ."}}
[debug] [2024-12-18T18:05:37.231Z] Received signal SIGHUP 1
